<?xml version="1.0" encoding="UTF-8"?>
<testsuite name="tests.BookStoreUiTests" tests="1" skipped="0" failures="0" errors="0" timestamp="2026-01-21T18:52:41.258Z" hostname="DESKTOP-AHB261K" time="8.079">
  <properties/>
  <testcase name="deleteBookFromProfileTest()" classname="tests.BookStoreUiTests" time="8.079"/>
  <system-out><![CDATA[After login, current url = https://demoqa.com/profile
open(/profile) url = https://demoqa.com/profile
title = DEMOQA
]]></system-out>
  <system-err><![CDATA[янв. 21, 2026 9:52:44 PM org.openqa.selenium.devtools.CdpVersionFinder findNearestMatch
WARNING: Unable to find CDP implementation matching 144
янв. 21, 2026 9:52:44 PM org.openqa.selenium.chromium.ChromiumDriver lambda$new$4
WARNING: Unable to find version of CDP to use for 144.0.7559.59. You may need to include a dependency on a specific version of the CDP using something similar to `org.seleniumhq.selenium:selenium-devtools-v86:4.28.1` where the version ("v86") matches the version of the chromium-based browser you're using and the version number of the artifact is the same as Selenium's.
]]></system-err>
</testsuite>
